C:\Program Files\Microsoft Visual Studio\2022\Community\MSBuild\Microsoft\VC\v170\Microsoft.CppBuild.targets(516,5): warning MSB8004: Intermediate Directory does not end with a trailing slash.  This build instance will add the slash as it is required to allow proper evaluation of the Intermediate Directory.
C:\Program Files\Microsoft Visual Studio\2022\Community\MSBuild\Microsoft\VC\v170\Microsoft.CppBuild.targets(517,5): warning MSB8004: Output Directory does not end with a trailing slash.  This build instance will add the slash as it is required to allow proper evaluation of the Output Directory.
  imgui.cpp
  imgui_demo.cpp
  imgui_draw.cpp
  imgui_impl_dx9.cpp
  imgui_impl_win32.cpp
\imgui\imgui.cpp(1,1): error C1083: Cannot open source file: 'imgui\imgui.cpp': No such file or directory
  (compiling source file '/imgui/imgui.cpp')
  
\imgui\imgui_demo.cpp(1,1): error C1083: Cannot open source file: 'imgui\imgui_demo.cpp': No such file or directory
  (compiling source file '/imgui/imgui_demo.cpp')
  
\imgui\imgui_draw.cpp(1,1): error C1083: Cannot open source file: 'imgui\imgui_draw.cpp': No such file or directory
  (compiling source file '/imgui/imgui_draw.cpp')
  
\imgui\imgui_impl_dx9.cpp(1,1): error C1083: Cannot open source file: 'imgui\imgui_impl_dx9.cpp': No such file or directory
  (compiling source file '/imgui/imgui_impl_dx9.cpp')
  
\imgui\imgui_impl_win32.cpp(1,1): error C1083: Cannot open source file: 'imgui\imgui_impl_win32.cpp': No such file or directory
  (compiling source file '/imgui/imgui_impl_win32.cpp')
  
  imgui_widgets.cpp
\imgui\imgui_widgets.cpp(1,1): error C1083: Cannot open source file: 'imgui\imgui_widgets.cpp': No such file or directory
  (compiling source file '/imgui/imgui_widgets.cpp')
  
  TextEditor.cpp
\imgui\TextEditor.cpp(1,1): error C1083: Cannot open source file: 'imgui\TextEditor.cpp': No such file or directory
  (compiling source file '/imgui/TextEditor.cpp')
  
